Running: C:\Xilinx\14.7\ISE_DS\ISE\bin\nt64\unwrapped\fuse.exe -intstyle ise -incremental -o C:/Users/Swaraj/Desktop/All_folders/xilinx/RS232/tb_rxd_isim_beh.exe -prj C:/Users/Swaraj/Desktop/All_folders/xilinx/RS232/tb_rxd_beh.prj work.tb_rxd 
ISim P.20131013 (signature 0x7708f090)
Number of CPUs detected in this system: 8
Turning on mult-threading, number of parallel sub-compilation jobs: 16 
Determining compilation order of HDL files
Parsing VHDL file "C:/Users/Swaraj/Desktop/All_folders/xilinx/RS232/Rxd.vhd" into library work
Parsing VHDL file "C:/Users/Swaraj/Desktop/All_folders/xilinx/RS232/tb_rxd.vhd" into library work
Starting static elaboration
Completed static elaboration
Compiling package standard
Compiling package std_logic_1164
Compiling package std_logic_arith
Compiling package std_logic_unsigned
Compiling architecture behavioral of entity RS232Rxd [rs232rxd_default]
Compiling architecture behavior of entity tb_rxd
Time Resolution for simulation is 1ps.
Waiting for 1 sub-compilation(s) to finish...
WARNING:Simulator - Unable to copy libPortabilityNOSH.dll to the simulation executable directory: boost::filesystem::copy_file: The system cannot find the path specified, "isim\tb_rxd_isim_beh.exe.sim\libPortability.dll".
Compiled 7 VHDL Units
Built simulation executable C:/Users/Swaraj/Desktop/All_folders/xilinx/RS232/tb_rxd_isim_beh.exe
Fuse Memory Usage: 33268 KB
Fuse CPU Usage: 452 ms
