Release 14.5 - ngc2edif P.58f (nt64)
Copyright (c) 1995-2012 Xilinx, Inc.  All rights reserved.
Reading design TopLevelRS232.ngc ...
WARNING:NetListWriters:298 - No output is written to TopLevelRS232.xncf,
   ignored.
Processing design ...
   Preping design's networks ...
   Preping design's macros ...
  finished :Prep
Writing EDIF netlist file TopLevelRS232.edif ...
ngc2edif: Total memory usage is 93864 kilobytes

Release 14.5 - ngc2edif P.58f (nt64)
Copyright (c) 1995-2012 Xilinx, Inc.  All rights reserved.
Reading design TopLevelRS232.ngc ...
WARNING:NetListWriters:298 - No output is written to TopLevelRS232.xncf,
   ignored.
Processing design ...
   Preping design's networks ...
   Preping design's macros ...
  finished :Prep
Writing EDIF netlist file TopLevelRS232.edif ...
ngc2edif: Total memory usage is 94352 kilobytes

