
****** PlanAhead v14.5 (64-bit)
  **** Build 247527 by xbuild on Mon Mar 25 17:13:07 MDT 2013
    ** Copyright 1986-1999, 2001-2012 Xilinx, Inc. All Rights Reserved.

INFO: [Common 17-78] Attempting to get a license: PlanAhead
INFO: [Common 17-290] Got license for PlanAhead
INFO: [Device 21-36] Loading parts and site information from C:/Xilinx/14.5/ISE_DS/PlanAhead/data/parts/arch.xml
Parsing RTL primitives file [C:/Xilinx/14.5/ISE_DS/PlanAhead/data/parts/xilinx/rtl/prims/rtl_prims.xml]
Finished parsing RTL primitives file [C:/Xilinx/14.5/ISE_DS/PlanAhead/data/parts/xilinx/rtl/prims/rtl_prims.xml]
start_gui
source C:/Users/Michael/Xilinx/RS232/pa.fromNetlist.tcl
# create_project -name RS232 -dir "C:/Users/Michael/Xilinx/RS232/planAhead_run_2" -part xc3s500efg320-5
# set_property design_mode GateLvl [get_property srcset [current_run -impl]]
# set_property edif_top_file "C:/Users/Michael/Xilinx/RS232/TopLevelRS232.ngc" [ get_property srcset [ current_run ] ]
# add_files -norecurse { {C:/Users/Michael/Xilinx/RS232} }
# set_param project.pinAheadLayout  yes
# set_property target_constrs_file "TopLevelRS232.ucf" [current_fileset -constrset]
Adding file 'C:/Users/Michael/Xilinx/RS232/TopLevelRS232.ucf' to fileset 'constrs_1'
# add_files [list {TopLevelRS232.ucf}] -fileset [get_property constrset [current_run]]
# link_design
Design is defaulting to srcset: sources_1
Design is defaulting to constrset: constrs_1
Design is defaulting to project part: xc3s500efg320-5
Release 14.5 - ngc2edif P.58f (nt64)
Copyright (c) 1995-2012 Xilinx, Inc.  All rights reserved.
Reading design TopLevelRS232.ngc ...
WARNING:NetListWriters:298 - No output is written to TopLevelRS232.xncf,
   ignored.
Processing design ...
   Preping design's networks ...
   Preping design's macros ...
  finished :Prep
Writing EDIF netlist file TopLevelRS232.edif ...
ngc2edif: Total memory usage is 94352 kilobytes

Parsing EDIF File [./planAhead_run_2/RS232.data/cache/TopLevelRS232_ngc_zx.edif]
Finished Parsing EDIF File [./planAhead_run_2/RS232.data/cache/TopLevelRS232_ngc_zx.edif]
INFO: [Designutils 20-910] Reading macro library C:/Xilinx/14.5/ISE_DS/PlanAhead/data\./parts/xilinx/spartan3e/spartan3e/hd_int_macros.edn
Parsing EDIF File [C:/Xilinx/14.5/ISE_DS/PlanAhead/data\./parts/xilinx/spartan3e/spartan3e/hd_int_macros.edn]
Finished Parsing EDIF File [C:/Xilinx/14.5/ISE_DS/PlanAhead/data\./parts/xilinx/spartan3e/spartan3e/hd_int_macros.edn]
Loading clock regions from C:/Xilinx/14.5/ISE_DS/PlanAhead/data\parts/xilinx/spartan3e/spartan3e/xc3s500e/ClockRegion.xml
Loading clock buffers from C:/Xilinx/14.5/ISE_DS/PlanAhead/data\parts/xilinx/spartan3e/spartan3e/xc3s500e/ClockBuffers.xml
Loading package from C:/Xilinx/14.5/ISE_DS/PlanAhead/data\parts/xilinx/spartan3e/spartan3e/xc3s500e/fg320/Package.xml
Loading io standards from C:/Xilinx/14.5/ISE_DS/PlanAhead/data\./parts/xilinx/spartan3e/IOStandards.xml
INFO: [Device 21-19] Loading pkg sso from C:/Xilinx/14.5/ISE_DS/PlanAhead/data\parts/xilinx/spartan3e/spartan3e/xc3s500e/fg320/SSORules.xml
Loading list of drcs for the architecture : C:/Xilinx/14.5/ISE_DS/PlanAhead/data\./parts/xilinx/spartan3e/spartan3e/drc.xml
INFO: [Timing 38-77] Reading timing library C:/Xilinx/14.5/ISE_DS/PlanAhead/data\parts/xilinx/spartan3e/spartan3e/spartan3e-5.lib.
INFO: [Timing 38-34] Done reading timing library C:/Xilinx/14.5/ISE_DS/PlanAhead/data\parts/xilinx/spartan3e/spartan3e/spartan3e-5.lib.
Parsing UCF File [C:/Users/Michael/Xilinx/RS232/TopLevelRS232.ucf]
Finished Parsing UCF File [C:/Users/Michael/Xilinx/RS232/TopLevelRS232.ucf]
INFO: [Project 1-111] Unisim Transformation Summary:
No Unisim elements were transformed.

Phase 0 | Netlist Checksum: fb7900f6
link_design: Time (s): elapsed = 00:00:08 . Memory (MB): peak = 567.121 ; gain = 108.566
startgroup
set_property package_pin E18 [get_ports switchBD]
endgroup
save_constraints
exit
ERROR: [Common 17-39] 'stop_gui' failed due to earlier errors.
INFO: [Common 17-206] Exiting PlanAhead at Wed Nov 25 16:16:10 2015...
INFO: [Common 17-83] Releasing license: PlanAhead
